<?xml version="1.0" encoding="UTF-8"?>
<!-- Generated by org.testng.reporters.JUnitReportReporter -->
<testsuite hostname="DESKTOP-F67P6LQ" failures="0" tests="1" name="first.first.demo.TestCase2" time="6.098" errors="0" timestamp="2020-12-06T04:26:30 GMT-06:00" skipped="0">
  <testcase classname="first.first.demo.TestCase2" name="submitValidData" time="6.098"/>
  <system-out/>
</testsuite> <!-- first.first.demo.TestCase2 -->
